Nombre: Corey Gorgen 
Legajo: 1 
Correo: cgorgen@vendedor.com 
Clave: 123abc45 
Perfil: vendedor 
Fecha de acceso: 28/5/2024 21:09:26

Nombre: Ingrid Harroll 
Legajo: 2 
Correo: iharroll@vendedor.com 
Clave: qweasdzx 
Perfil: vendedor 
Fecha de acceso: 28/5/2024 21:10:10

Nombre: Michael Jordan 
Legajo: 5 
Correo: admin@admin.com 
Clave: 12345678 
Perfil: administrador 
Fecha de acceso: 28/5/2024 21:10:21

Nombre: Michael Jordan 
Legajo: 5 
Correo: admin@admin.com 
Clave: 12345678 
Perfil: administrador 
Fecha de acceso: 28/5/2024 21:31:59

Nombre: Michael Jordan 
Legajo: 5 
Correo: admin@admin.com 
Clave: 12345678 
Perfil: administrador 
Fecha de acceso: 28/5/2024 21:36:59

Nombre: Michael Jordan 
Legajo: 5 
Correo: admin@admin.com 
Clave: 12345678 
Perfil: administrador 
Fecha de acceso: 28/5/2024 21:37:11

